<?xml version="1.0" encoding="UTF-8"?>
<!-- Generated by org.testng.reporters.JUnitXMLReporter -->
<testsuite hostname="IN-Sandeep" name="Test" tests="4" failures="0" timestamp="2 Jul 2017 04:33:43 GMT" time="13.787" errors="0">
  <testcase name="doLogin" time="0.01" classname="example.Test3"/>
  <testcase name="doLogin" time="0.0" classname="example.Test3"/>
  <testcase name="doLogin" time="0.005" classname="example.Test3"/>
  <testcase name="f" time="13.741" classname="example.NewTest"/>
</testsuite> <!-- Test -->
